This is pdfTeX, Version 3.14159265-2.6-1.40.17 (TeX Live 2016/W32TeX) (preloaded format=pdflatex 2017.5.26)  2 JUN 2017 19:54
entering extended mode
 restricted \write18 enabled.
 %&-line parsing enabled.
**./Tesis.tex
(./Tesis.tex
LaTeX2e <2017/01/01> patch level 3
Babel <3.9r> and hyphenation patterns for 83 language(s) loaded.

! LaTeX Error: File `res.cls' not found.

Type X to quit or <RETURN> to proceed,
or enter new name. (Default extension: cls)

Enter file name: 
\@input{config.aux}
\openout2 = `config.aux'.

(./config.tex) (./TeXiS/TeXiS.sty
Package: TeXiS/TeXiS 

(c:/texlive/2016/texmf-dist/tex/latex/tools/verbatim.sty
Package: verbatim 2014/10/28 v1.5q LaTeX2e package for verbatim enhancements
\every@verbatim=\toks14
\verbatim@line=\toks15
\verbatim@in@stream=\read1
)
\example@out=\write3

\@input{TeXiS/TeXiS_pream.aux}
\openout2 = `TeXiS/TeXiS_pream.aux'.

(./TeXiS/TeXiS_pream.tex

! LaTeX Error: File `glosstex.sty' not found.

Type X to quit or <RETURN> to proceed,
or enter new name. (Default extension: sty)

Enter file name: 
(c:/texlive/2016/texmf-dist/tex/latex/base/shortvrb.sty
Package: shortvrb 2016/02/15 v2.1g Standard LaTeX documentation package (FMi)
)
(c:/texlive/2016/texmf-dist/tex/latex/base/inputenc.sty
Package: inputenc 2015/03/17 v1.2c Input encoding file
\inpenc@prehook=\toks16
\inpenc@posthook=\toks17

(c:/texlive/2016/texmf-dist/tex/latex/base/latin1.def
File: latin1.def 2015/03/17 v1.2c Input encoding file
))
(c:/texlive/2016/texmf-dist/tex/latex/natbib/natbib.sty
Package: natbib 2010/09/13 8.31b (PWD, AO)
\bibhang=\skip41
\bibsep=\skip42

! Undefined control sequence.
l.640  {\@listi
                \global\bibsep\itemsep \global\advance\bibsep by\parsep}
? 
LaTeX Info: Redefining \cite on input line 694.
\c@NAT@ctr=\count79

! LaTeX Error: Environment thebibliography undefined.

See the LaTeX manual or LaTeX Companion for explanation.
Type  H <return>  for immediate help.
 ...                                              
                                                  
l.1063 \renewenvironment{thebibliography}
                                         [1]{%
? 
) (c:/texlive/2016/texmf-dist/tex/generic/babel/babel.sty
Package: babel 2016/04/23 3.9r The Babel package

(c:/texlive/2016/texmf-dist/tex/generic/babel-spanish/spanish.ldf
Language: spanish.ldf 2016/03/03 v5.0p Spanish support from the babel system

(c:/texlive/2016/texmf-dist/tex/generic/babel/babel.def
File: babel.def 2016/04/23 3.9r Babel common definitions
\babel@savecnt=\count80
\U@D=\dimen102
)
\es@quottoks=\toks18
\es@quotdepth=\count81
Package babel Info: Making " an active character on input line 561.
Package babel Info: Making . an active character on input line 662.
Package babel Info: Making < an active character on input line 707.
Package babel Info: Making > an active character on input line 707.
Package babel Info: Making ' an active character on input line 725.
))
(c:/texlive/2016/texmf-dist/tex/latex/url/url.sty
\Urlmuskip=\muskip10
Package: url 2013/09/16  ver 3.4  Verb mode for urls, etc.
)
(c:/texlive/2016/texmf-dist/tex/generic/oberdiek/ifpdf.sty
Package: ifpdf 2017/03/15 v3.2 Provides the ifpdf switch
)
(c:/texlive/2016/texmf-dist/tex/latex/hyperref/hyperref.sty
Package: hyperref 2017/03/14 v6.85a Hypertext links for LaTeX

(c:/texlive/2016/texmf-dist/tex/generic/oberdiek/hobsub-hyperref.sty
Package: hobsub-hyperref 2016/05/16 v1.14 Bundle oberdiek, subset hyperref (HO)


(c:/texlive/2016/texmf-dist/tex/generic/oberdiek/hobsub-generic.sty
Package: hobsub-generic 2016/05/16 v1.14 Bundle oberdiek, subset generic (HO)
Package: hobsub 2016/05/16 v1.14 Construct package bundles (HO)
Package: infwarerr 2016/05/16 v1.4 Providing info/warning/error messages (HO)
Package: ltxcmds 2016/05/16 v1.23 LaTeX kernel commands for general use (HO)
Package: ifluatex 2016/05/16 v1.4 Provides the ifluatex switch (HO)
Package ifluatex Info: LuaTeX not detected.
Package: ifvtex 2016/05/16 v1.6 Detect VTeX and its facilities (HO)
Package ifvtex Info: VTeX not detected.
Package: intcalc 2016/05/16 v1.2 Expandable calculations with integers (HO)
Package hobsub Info: Skipping package `ifpdf' (already loaded).
Package: etexcmds 2016/05/16 v1.6 Avoid name clashes with e-TeX commands (HO)
Package etexcmds Info: Could not find \expanded.
(etexcmds)             That can mean that you are not using pdfTeX 1.50 or
(etexcmds)             that some package has redefined \expanded.
(etexcmds)             In the latter case, load this package earlier.
Package: kvsetkeys 2016/05/16 v1.17 Key value parser (HO)
Package: kvdefinekeys 2016/05/16 v1.4 Define keys (HO)
Package: pdftexcmds 2017/03/19 v0.25 Utility functions of pdfTeX for LuaTeX (HO
)
Package pdftexcmds Info: LuaTeX not detected.
Package pdftexcmds Info: \pdf@primitive is available.
Package pdftexcmds Info: \pdf@ifprimitive is available.
Package pdftexcmds Info: \pdfdraftmode found.
Package: pdfescape 2016/05/16 v1.14 Implements pdfTeX's escape features (HO)
Package: bigintcalc 2016/05/16 v1.4 Expandable calculations on big integers (HO
)
Package: bitset 2016/05/16 v1.2 Handle bit-vector datatype (HO)
Package: uniquecounter 2016/05/16 v1.3 Provide unlimited unique counter (HO)
)
Package hobsub Info: Skipping package `hobsub' (already loaded).
Package: letltxmacro 2016/05/16 v1.5 Let assignment for LaTeX macros (HO)
Package: hopatch 2016/05/16 v1.3 Wrapper for package hooks (HO)
Package: xcolor-patch 2016/05/16 xcolor patch
Package: atveryend 2016/05/16 v1.9 Hooks at the very end of document (HO)
Package atveryend Info: \enddocument detected (standard20110627).
Package: atbegshi 2016/06/09 v1.18 At begin shipout hook (HO)
Package: refcount 2016/05/16 v3.5 Data extraction from label references (HO)
Package: hycolor 2016/05/16 v1.8 Color options for hyperref/bookmark (HO)
)
(c:/texlive/2016/texmf-dist/tex/latex/graphics/keyval.sty
Package: keyval 2014/10/28 v1.15 key=value parser (DPC)
\KV@toks@=\toks19
)
(c:/texlive/2016/texmf-dist/tex/generic/ifxetex/ifxetex.sty
Package: ifxetex 2010/09/12 v0.6 Provides ifxetex conditional
)
(c:/texlive/2016/texmf-dist/tex/latex/oberdiek/auxhook.sty
Package: auxhook 2016/05/16 v1.4 Hooks for auxiliary files (HO)
)
(c:/texlive/2016/texmf-dist/tex/latex/oberdiek/kvoptions.sty
Package: kvoptions 2016/05/16 v3.12 Key value format for package options (HO)
)
\@linkdim=\dimen103
\Hy@linkcounter=\count82
\Hy@pagecounter=\count83

(c:/texlive/2016/texmf-dist/tex/latex/hyperref/pd1enc.def
File: pd1enc.def 2017/03/14 v6.85a Hyperref: PDFDocEncoding definition (HO)
)
\Hy@SavedSpaceFactor=\count84

(c:/texlive/2016/texmf-dist/tex/latex/latexconfig/hyperref.cfg
File: hyperref.cfg 2002/06/06 v1.2 hyperref configuration of TeXLive
)

Package hyperref Warning: Invalid value `0'
(hyperref)                for option `pdfborder'.
(hyperref)                Option setting is ignored on input line 4374.

Package hyperref Info: Option `colorlinks' set `true' on input line 4374.
Package hyperref Info: Option `hyperindex' set `true' on input line 4374.
Package hyperref Info: Option `pdfpagelabels' set `true' on input line 4374.
Package hyperref Info: Hyper figures OFF on input line 4498.
Package hyperref Info: Link nesting OFF on input line 4503.
Package hyperref Info: Hyper index ON on input line 4506.
Package hyperref Info: Plain pages OFF on input line 4513.
Package hyperref Info: Backreferencing OFF on input line 4518.
Package hyperref Info: Implicit mode ON; LaTeX internals redefined.
Package hyperref Info: Bookmarks ON on input line 4751.
\c@Hy@tempcnt=\count85
LaTeX Info: Redefining \url on input line 5104.
\XeTeXLinkMargin=\dimen104
\Fld@menulength=\count86
\Field@Width=\dimen105
\Fld@charsize=\dimen106
Package hyperref Info: Hyper figures OFF on input line 6358.
Package hyperref Info: Link nesting OFF on input line 6363.
Package hyperref Info: Hyper index ON on input line 6366.
Package hyperref Info: backreferencing OFF on input line 6373.
Package hyperref Info: Link coloring ON on input line 6376.
Package hyperref Info: Link coloring with OCG OFF on input line 6383.
Package hyperref Info: PDF/A mode OFF on input line 6388.
LaTeX Info: Redefining \ref on input line 6428.
LaTeX Info: Redefining \pageref on input line 6432.

Package hyperref Warning: Option `pdfpagelabels' is turned off
(hyperref)                because \thepage is undefined.

\c@Item=\count87
\c@Hfootnote=\count88
)

Package hyperref Message: Driver (autodetected): hpdftex.

(c:/texlive/2016/texmf-dist/tex/latex/hyperref/hpdftex.def
File: hpdftex.def 2017/03/14 v6.85a Hyperref driver for pdfTeX
\Fld@listcount=\count89
\c@bookmark@seq@number=\count90

(c:/texlive/2016/texmf-dist/tex/latex/oberdiek/rerunfilecheck.sty
Package: rerunfilecheck 2016/05/16 v1.8 Rerun checks for auxiliary files (HO)
Package uniquecounter Info: New unique counter `rerunfilecheck' on input line 2
82.
)
\Hy@SectionHShift=\skip43
)
Package hyperref Info: Option `colorlinks' set `false' on input line 268.

(c:/texlive/2016/texmf-dist/tex/latex/base/makeidx.sty
Package: makeidx 2014/09/29 v1.0m Standard LaTeX package
)
\@indexfile=\write4
\openout4 = `Tesis.idx'.


Writing index file Tesis.idx
(c:/texlive/2016/texmf-dist/tex/latex/tools/multicol.sty
Package: multicol 2016/04/07 v1.8p multicolumn formatting (FMi)
\c@tracingmulticols=\count91
\mult@box=\box26
\multicol@leftmargin=\dimen107
\c@unbalance=\count92
\c@collectmore=\count93
\doublecol@number=\count94
\multicoltolerance=\count95
\multicolpretolerance=\count96
\full@width=\dimen108
\page@free=\dimen109
\premulticols=\dimen110
\postmulticols=\dimen111
\multicolsep=\skip44
\multicolbaselineskip=\skip45
\partial@page=\box27
\last@line=\box28
\maxbalancingoverflow=\dimen112
\mult@rightbox=\box29
\mult@grightbox=\box30
\mult@gfirstbox=\box31
\mult@firstbox=\box32
\@tempa=\box33
\@tempa=\box34
\@tempa=\box35
\@tempa=\box36
\@tempa=\box37
\@tempa=\box38
\@tempa=\box39
\@tempa=\box40
\@tempa=\box41
\@tempa=\box42
\@tempa=\box43
\@tempa=\box44
\@tempa=\box45
\@tempa=\box46
\@tempa=\box47
\@tempa=\box48
\@tempa=\box49
\c@columnbadness=\count97
\c@finalcolumnbadness=\count98
\last@try=\dimen113
\multicolovershoot=\dimen114
\multicolundershoot=\dimen115
\mult@nat@firstbox=\box50
\colbreak@box=\box51
\mc@col@check@num=\count99
)
(c:/texlive/2016/texmf-dist/tex/latex/subfig/subfig.sty
Package: subfig 2005/06/28 ver: 1.3 subfig package

(c:/texlive/2016/texmf-dist/tex/latex/caption/caption.sty
Package: caption 2016/02/21 v3.3-144 Customizing captions (AR)

(c:/texlive/2016/texmf-dist/tex/latex/caption/caption3.sty
Package: caption3 2016/05/22 v1.7-166 caption3 kernel (AR)
Package caption3 Info: TeX engine: e-TeX on input line 67.
\captionmargin=\dimen116
\captionmargin@=\dimen117
\captionwidth=\dimen118
\caption@tempdima=\dimen119
\caption@indent=\dimen120
\caption@parindent=\dimen121
\caption@hangindent=\dimen122
\abovecaptionskip=\skip46
\belowcaptionskip=\skip47
Package caption Info: Unknown document class (or package),
(caption)             standard defaults will be used.
)

Package caption Warning: Unsupported document class (or package) detected,
(caption)                usage of the caption package is not recommended.
See the caption package documentation for explanation.

Package caption Info: \@makecaption = undefined.
\c@ContinuedFloat=\count100
Package caption Info: hyperref package is loaded.
)
\c@KVtest=\count101
\sf@farskip=\skip48
\sf@captopadj=\dimen123
\sf@capskip=\skip49
\sf@nearskip=\skip50
\c@subfigure=\count102


! LaTeX Error: No counter 'figure' defined.

See the LaTeX manual or LaTeX Companion for explanation.
Type  H <return>  for immediate help.
 ...                                              
                                                  
l.298 ...ined{c@subfigure}{\newsubfloat{figure}}{}
                                                  
? 
\c@subfigure@save=\count103
! Missing \endcsname inserted.
<to be read again> 
                   \ext@figure 
l.298 ...ined{c@subfigure}{\newsubfloat{figure}}{}
                                                  
? 

! LaTeX Error: Missing \begin{document}.

See the LaTeX manual or LaTeX Companion for explanation.
Type  H <return>  for immediate help.
 ...                                              
                                                  
l.298 ...ined{c@subfigure}{\newsubfloat{figure}}{}
                                                  
? 
Missing character: There is no d in font nullfont!
Missing character: There is no e in font nullfont!
Missing character: There is no p in font nullfont!
Missing character: There is no t in font nullfont!
Missing character: There is no h in font nullfont!
! Extra \endcsname.
\@ifundefined ...dafter \ifx \csname #1\endcsname 
                                                  \relax \expandafter \@firs...
l.298 ...ined{c@subfigure}{\newsubfloat{figure}}{}
                                                  
? 
! Missing \endcsname inserted.
<to be read again> 
                   \ext@figure 
l.298 ...ined{c@subfigure}{\newsubfloat{figure}}{}
                                                  
? 
Missing character: There is no d in font nullfont!
Missing character: There is no e in font nullfont!
Missing character: There is no p in font nullfont!
Missing character: There is no t in font nullfont!
Missing character: There is no h in font nullfont!
! Extra \endcsname.
\newcounter ...ifdefinable \csname c@#1\endcsname 
                                                  {\@definecounter {#1}}\@if...
l.298 ...ined{c@subfigure}{\newsubfloat{figure}}{}
                                                  
? 
! Missing \endcsname inserted.
<to be read again> 
                   \ext@figure 
l.298 ...ined{c@subfigure}{\newsubfloat{figure}}{}
                                                  
? 
\c@=\count104
Missing character: There is no d in font nullfont!
Missing character: There is no e in font nullfont!
Missing character: There is no p in font nullfont!
Missing character: There is no t in font nullfont!
Missing character: There is no h in font nullfont!
! Extra \endcsname.
\H@definecounter ...wcount \csname c@#1\endcsname 
                                                  \setcounter {#1}\z@ \globa...
l.298 ...ined{c@subfigure}{\newsubfloat{figure}}{}
                                                  
? 
! Missing \endcsname inserted.
<to be read again> 
                   \ext@figure 
l.298 ...ined{c@subfigure}{\newsubfloat{figure}}{}
                                                  
? 
! Missing \endcsname inserted.
<to be read again> 
                   \ext@figure 
l.298 ...ined{c@subfigure}{\newsubfloat{figure}}{}
                                                  
? 
! Missing number, treated as zero.
<to be read again> 
                   \ext@figure 
l.298 ...ined{c@subfigure}{\newsubfloat{figure}}{}
                                                  
? 
Missing character: There is no d in font nullfont!
Missing character: There is no e in font nullfont!
Missing character: There is no p in font nullfont!
Missing character: There is no t in font nullfont!
Missing character: There is no h in font nullfont!
! Extra \endcsname.
<argument> ...xt@figure\endcsname depth\endcsname 
                                                  \z@ \relax 
l.298 ...ined{c@subfigure}{\newsubfloat{figure}}{}
                                                  
? 
! Missing number, treated as zero.
<to be read again> 
                   \relax 
l.298 ...ined{c@subfigure}{\newsubfloat{figure}}{}
                                                  
? 
! Illegal unit of measure (pt inserted).
<to be read again> 
                   \relax 
l.298 ...ined{c@subfigure}{\newsubfloat{figure}}{}
                                                  
? 
! Missing \endcsname inserted.
<to be read again> 
                   \ext@figure 
l.298 ...ined{c@subfigure}{\newsubfloat{figure}}{}
                                                  
? 
Missing character: There is no d in font nullfont!
Missing character: There is no e in font nullfont!
Missing character: There is no p in font nullfont!
Missing character: There is no t in font nullfont!
Missing character: There is no h in font nullfont!
! Extra \endcsname.
\H@definecounter ... \let \csname cl@#1\endcsname 
                                                  \@empty \@addtoreset {#1}{...
l.298 ...ined{c@subfigure}{\newsubfloat{figure}}{}
                                                  
? 
! Missing \endcsname inserted.
<to be read again> 
                   \ext@figure 
l.298 ...ined{c@subfigure}{\newsubfloat{figure}}{}
                                                  
? 
! Missing \endcsname inserted.
<to be read again> 
                   \ext@figure 
l.298 ...ined{c@subfigure}{\newsubfloat{figure}}{}
                                                  
? 
Missing character: There is no d in font nullfont!
Missing character: There is no e in font nullfont!
Missing character: There is no p in font nullfont!
Missing character: There is no t in font nullfont!
Missing character: There is no h in font nullfont!
! Extra \endcsname.
\H@definecounter ...r \let \csname p@#1\endcsname 
                                                  \@empty \expandafter \gdef...
l.298 ...ined{c@subfigure}{\newsubfloat{figure}}{}
                                                  
? 
! Missing \endcsname inserted.
<to be read again> 
                   \ext@figure 
l.298 ...ined{c@subfigure}{\newsubfloat{figure}}{}
                                                  
? 
! Missing \endcsname inserted.
<to be read again> 
                   \ext@figure 
l.298 ...ined{c@subfigure}{\newsubfloat{figure}}{}
                                                  
? 
! Missing \endcsname inserted.
<to be read again> 
                   \ext@figure 
l.298 ...ined{c@subfigure}{\newsubfloat{figure}}{}
                                                  
? 
! Missing \endcsname inserted.
<to be read again> 
                   \ext@figure 
l.298 ...ined{c@subfigure}{\newsubfloat{figure}}{}
                                                  
? 
! Missing number, treated as zero.
<to be read again> 
                   \ext@figure 
l.298 ...ined{c@subfigure}{\newsubfloat{figure}}{}
                                                  
? 
Missing character: There is no d in font nullfont!
Missing character: There is no e in font nullfont!
Missing character: There is no p in font nullfont!
Missing character: There is no t in font nullfont!
Missing character: There is no h in font nullfont!
! Extra \endcsname.
<argument> ...xt@figure\endcsname depth\endcsname 
                                                  \@ne \relax 
l.298 ...ined{c@subfigure}{\newsubfloat{figure}}{}
                                                  
? 
Missing character: There is no ^^A in font nullfont!
! Missing \endcsname inserted.
<to be read again> 
                   \ext@figure 
l.298 ...ined{c@subfigure}{\newsubfloat{figure}}{}
                                                  
? 
! Missing \endcsname inserted.
<to be read again> 
                   \ext@figure 
l.298 ...ined{c@subfigure}{\newsubfloat{figure}}{}
                                                  
? 
! Use of \the doesn't match its definition.
\caption@ifatletter ->\ifnum \the \catcode 
                                           `\@ =11 \expandafter \@firstoftwo...
l.298 ...ined{c@subfigure}{\newsubfloat{figure}}{}
                                                  
? 
! Use of \the doesn't match its definition.
<argument> ...lineno\endcsname {\the \inputlineno 
                                                  }
l.298 ...ined{c@subfigure}{\newsubfloat{figure}}{}
                                                  
? 
! Use of \the doesn't match its definition.
<write> ...=\string \count \the \allocationnumber 
                                                  
l.299 ...efined{c@subtable}{\newsubfloat{table}}{}
                                                  
? 
\c@subtable=\count

! LaTeX Error: No counter 'table' defined.

See the LaTeX manual or LaTeX Companion for explanation.
Type  H <return>  for immediate help.
 ...                                              
                                                  
l.299 ...efined{c@subtable}{\newsubfloat{table}}{}
                                                  
? 
! Use of \the doesn't match its definition.
<write> ...=\string \count \the \allocationnumber 
                                                  
l.299 ...efined{c@subtable}{\newsubfloat{table}}{}
                                                  
? 
\c@subtable@save=\count
! Missing \endcsname inserted.
<to be read again> 
                   \ext@table 
l.299 ...efined{c@subtable}{\newsubfloat{table}}{}
                                                  
? 
! Missing \endcsname inserted.
<to be read again> 
                   \ext@table 
l.299 ...efined{c@subtable}{\newsubfloat{table}}{}
                                                  
? 
! Missing \endcsname inserted.
<to be read again> 
                   \ext@table 
l.299 ...efined{c@subtable}{\newsubfloat{table}}{}
                                                  
? 
! Use of \the doesn't match its definition.
\caption@ifatletter ->\ifnum \the \catcode 
                                           `\@ =11 \expandafter \@firstoftwo...
l.299 ...efined{c@subtable}{\newsubfloat{table}}{}
                                                  
? 
! Use of \the doesn't match its definition.
\g@addto@macro ...fter {#1#2}\xdef #1{\the \toks@ 
                                                  }\endgroup 
l.299 ...efined{c@subtable}{\newsubfloat{table}}{}
                                                  
? 
! Use of \the doesn't match its definition.
<argument> ...lineno\endcsname {\the \inputlineno 
                                                  }
l.299 ...efined{c@subtable}{\newsubfloat{table}}{}
                                                  
? 
! Use of \the doesn't match its definition.
\g@addto@macro ...fter {#1#2}\xdef #1{\the \toks@ 
                                                  }\endgroup 
l.316 }
       
? 
! Use of \the doesn't match its definition.
<write> ... =\string \skip \the \allocationnumber 
                                                  
l.317 \newskip\sf@top
                     
? 
\sf@top=\skip
! Use of \the doesn't match its definition.
<write> ... =\string \skip \the \allocationnumber 
                                                  
l.318 \newskip\sf@bottom
                        
? 
\sf@bottom=\skip
! Use of \the doesn't match its definition.
\g@addto@macro ...fter {#1#2}\xdef #1{\the \toks@ 
                                                  }\endgroup 
l.508   \let\sf@addcontentsline=\addcontentsline}
                                                 
? 

Overfull \hbox (20.0pt too wide) in paragraph at lines 298--516
[]
 []

! Use of \the doesn't match its definition.
\g@addto@macro ...fter {#1#2}\xdef #1{\the \toks@ 
                                                  }\endgroup 
l.590     \fi}}
               
? 
! Use of \the doesn't match its definition.
\g@addto@macro ...fter {#1#2}\xdef #1{\the \toks@ 
                                                  }\endgroup 
l.598 }
       
? 
! Use of \the doesn't match its definition.
\g@addto@macro ...fter {#1#2}\xdef #1{\the \toks@ 
                                                  }\endgroup 
l.677 }
       
? 
)
! Use of \the doesn't match its definition.
<write> ...x =\string \box \the \allocationnumber 
                                                  
l.549 \newbox\sf@box
                    
? 
\sf@box=\box
! Use of \the doesn't match its definition.
\@pushfilename ...ame }{\@currext }{\the \catcode 
                                                  `\@}\@currnamestack }
l.570 \lstset
             {basicstyle=\small}
? 
(c:/texlive/2016/texmf-dist/tex/latex/listings/listings.sty
! Use of \the doesn't match its definition.
\g@addto@macro ...fter {#1#2}\xdef #1{\the \toks@ 
                                                  }\endgroup 
l.23 ...e\space\fileversion\space(Carsten Heinz)]}
                                                  
? 
! Use of \the doesn't match its definition.
\lst@RestoreCatcodes ...\noexpand #1\the \catcode 
                                                  `#1\relax \expandafter \ls...
l.43     \lst@RestoreCatcodes\"
                               \^^I\^^M\~\^^@\relax
? 
! Undefined control sequence.
\UseTextAccent ...up \@firstofone \let \@curr@enc 
                                                  \cf@encoding \@use@text@en...
l.43     \lst@RestoreCatcodes\"
                               \^^I\^^M\~\^^@\relax
? 
! Argument of \@font@info has an extra }.
<inserted text> 
                \par 
l.43     \lst@RestoreCatcodes\"
                               \^^I\^^M\~\^^@\relax
? 
Runaway argument?
! Paragraph ended before \@font@info was complete.
<to be read again> 
                   \par 
l.43     \lst@RestoreCatcodes\"
                               \^^I\^^M\~\^^@\relax
? 
! Undefined control sequence.
\get@external@font ->\let \external@font 
                                         \@empty \edef \font@info {\expandaf...
l.43     \lst@RestoreCatcodes\"
                               \^^I\^^M\~\^^@\relax
? 
! Undefined control sequence.
\get@external@font ...nt \@empty \edef \font@info 
                                                  {\expandafter \expandafter...
l.43     \lst@RestoreCatcodes\"
                               \^^I\^^M\~\^^@\relax
? 
! Undefined control sequence.
\try@size@range ...tract@rangefontinfo \font@info 
                                                  <-*>\@nil <\@nnil 
l.43     \lst@RestoreCatcodes\"
                               \^^I\^^M\~\^^@\relax
? 
! Use of \@needsf@rmat doesn't match its definition.
\ifnot@nil #1->\def \reserved@a {
                                 #1}\ifx \reserved@a \@nnil \expandafter \@g...
l.43     \lst@RestoreCatcodes\"
                               \^^I\^^M\~\^^@\relax
? 
! Undefined control sequence.
<argument> \@nil 
                 
l.43     \lst@RestoreCatcodes\"
                               \^^I\^^M\~\^^@\relax
? 
! Undefined control sequence.
<argument> \def \reserved@f 
                            {\extract@rangefontinfo <\@nnil }\upper@bound 0*...
l.43     \lst@RestoreCatcodes\"
                               \^^I\^^M\~\^^@\relax
? 
! Argument of \extract@rangefontinfo has an extra }.
<inserted text> 
                \par 
l.43     \lst@RestoreCatcodes\"
                               \^^I\^^M\~\^^@\relax
? 
Runaway argument?
\@nnil 
! Paragraph ended before \extract@rangefontinfo was complete.
<to be read again> 
                   \par 
l.43     \lst@RestoreCatcodes\"
                               \^^I\^^M\~\^^@\relax
? 
! Illegal unit of measure (pt inserted).
<to be read again> 
                   \p@ 
l.43     \lst@RestoreCatcodes\"
                               \^^I\^^M\~\^^@\relax
? 
! Missing = inserted for \ifdim.
<to be read again> 
                   \p@ 
l.43     \lst@RestoreCatcodes\"
                               \^^I\^^M\~\^^@\relax
? 
! Missing number, treated as zero.
<to be read again> 
                   \p@ 
l.43     \lst@RestoreCatcodes\"
                               \^^I\^^M\~\^^@\relax
? 
! Illegal unit of measure (pt inserted).
<to be read again> 
                   \p@ 
l.43     \lst@RestoreCatcodes\"
                               \^^I\^^M\~\^^@\relax
? 
! Undefined control sequence.
<argument> ...d@f \@empty \fi \fi \fi \reserved@f 
                                                  
l.43     \lst@RestoreCatcodes\"
                               \^^I\^^M\~\^^@\relax
? 
! Undefined control sequence.
\extract@font ... \font \font@name \external@font 
                                                  \relax \font@name \relax \...
l.43     \lst@RestoreCatcodes\"
                               \^^I\^^M\~\^^@\relax
? 
! Undefined control sequence.
\GenericError  ...                                
                                                    #4  \errhelp \@err@     ...
l.43     \lst@RestoreCatcodes\"
                               \^^I\^^M\~\^^@\relax
? 
! Undefined control sequence.
\GenericError  ...                                
                                                  \let \@err@               ...
l.43     \lst@RestoreCatcodes\"
                               \^^I\^^M\~\^^@\relax
? 
! Undefined control sequence.
\GenericError  ...                                
                                                  \@empty \def \MessageBreak...
l.43     \lst@RestoreCatcodes\"
                               \^^I\^^M\~\^^@\relax
? 
! Undefined control sequence.
\GenericError  ...                                
                                                     \endgroup 
l.43     \lst@RestoreCatcodes\"
                               \^^I\^^M\~\^^@\relax
? 
! Undefined control sequence.
\GenericError  ...                                
                                                    #4  \errhelp \@err@     ...
l.43     \lst@RestoreCatcodes\"
                               \^^I\^^M\~\^^@\relax
? 
! Undefined control sequence.
\GenericError  ...                                
                                                  \let \@err@               ...
l.43     \lst@RestoreCatcodes\"
                               \^^I\^^M\~\^^@\relax
? 
! Undefined control sequence.
\GenericError  ...                                
                                                  \@empty \def \MessageBreak...
l.43     \lst@RestoreCatcodes\"
                               \^^I\^^M\~\^^@\relax
? 
! Undefined control sequence.
\GenericError  ...                                
                                                     \endgroup 
l.43     \lst@RestoreCatcodes\"
                               \^^I\^^M\~\^^@\relax
? 
! Undefined control sequence.
\GenericError  ...                                
                                                    #4  \errhelp \@err@     ...
l.43     \lst@RestoreCatcodes\"
                               \^^I\^^M\~\^^@\relax
? 
! Undefined control sequence.
\GenericError  ...                                
                                                  \let \@err@               ...
l.43     \lst@RestoreCatcodes\"
                               \^^I\^^M\~\^^@\relax
? 
! Undefined control sequence.
\GenericError  ...                                
                                                  \@empty \def \MessageBreak...
l.43     \lst@RestoreCatcodes\"
                               \^^I\^^M\~\^^@\relax
? 
! Undefined control sequence.
\GenericError  ...                                
                                                     \endgroup 
l.43     \lst@RestoreCatcodes\"
                               \^^I\^^M\~\^^@\relax
? 
! Undefined control sequence.
\GenericError  ...                                
                                                    #4  \errhelp \@err@     ...
l.43     \lst@RestoreCatcodes\"
                               \^^I\^^M\~\^^@\relax
? 
! Undefined control sequence.
\GenericError  ...                                
                                                  \let \@err@               ...
l.43     \lst@RestoreCatcodes\"
                               \^^I\^^M\~\^^@\relax
? 
! Undefined control sequence.
\GenericError  ...                                
                                                  \@empty \def \MessageBreak...
l.43     \lst@RestoreCatcodes\"
                               \^^I\^^M\~\^^@\relax
? 
! Undefined control sequence.
\GenericError  ...                                
                                                     \endgroup 
l.43     \lst@RestoreCatcodes\"
                               \^^I\^^M\~\^^@\relax
? 
! Undefined control sequence.
\GenericError  ...                                
                                                    #4  \errhelp \@err@     ...
l.43     \lst@RestoreCatcodes\"
                               \^^I\^^M\~\^^@\relax
? 
! Undefined control sequence.
\GenericError  ...                                
                                                  \let \@err@               ...
l.43     \lst@RestoreCatcodes\"
                               \^^I\^^M\~\^^@\relax
? 
! Undefined control sequence.
\GenericError  ...                                
                                                  \@empty \def \MessageBreak...
l.43     \lst@RestoreCatcodes\"
                               \^^I\^^M\~\^^@\relax
? 
! Undefined control sequence.
\GenericError  ...                                
                                                     \endgroup 
l.43     \lst@RestoreCatcodes\"
                               \^^I\^^M\~\^^@\relax
? 
! Undefined control sequence.
\GenericError  ...                                
                                                    #4  \errhelp \@err@     ...
l.43     \lst@RestoreCatcodes\"
                               \^^I\^^M\~\^^@\relax
? 
! Undefined control sequence.
\GenericError  ...                                
                                                  \let \@err@               ...
l.43     \lst@RestoreCatcodes\"
                               \^^I\^^M\~\^^@\relax
? 
! Undefined control sequence.
\GenericError  ...                                
                                                  \@empty \def \MessageBreak...
l.43     \lst@RestoreCatcodes\"
                               \^^I\^^M\~\^^@\relax
? 
! Undefined control sequence.
\GenericError  ...                                
                                                     \endgroup 
l.43     \lst@RestoreCatcodes\"
                               \^^I\^^M\~\^^@\relax
? 
! Undefined control sequence.
\GenericError  ...                                
                                                    #4  \errhelp \@err@     ...
l.43     \lst@RestoreCatcodes\"
                               \^^I\^^M\~\^^@\relax
? 
! Undefined control sequence.
\GenericError  ...                                
                                                  \let \@err@               ...
l.43     \lst@RestoreCatcodes\"
                               \^^I\^^M\~\^^@\relax
? 
! Undefined control sequence.
\GenericError  ...                                
                                                  \@empty \def \MessageBreak...
l.43     \lst@RestoreCatcodes\"
                               \^^I\^^M\~\^^@\relax
? 
! Undefined control sequence.
\GenericError  ...                                
                                                     \endgroup 
l.43     \lst@RestoreCatcodes\"
                               \^^I\^^M\~\^^@\relax
? 
! Undefined control sequence.
\GenericError  ...                                
                                                    #4  \errhelp \@err@     ...
l.43     \lst@RestoreCatcodes\"
                               \^^I\^^M\~\^^@\relax
? 
! Undefined control sequence.
\GenericError  ...                                
                                                  \let \@err@               ...
l.43     \lst@RestoreCatcodes\"
                               \^^I\^^M\~\^^@\relax
? 
! Undefined control sequence.
\GenericError  ...                                
                                                  \@empty \def \MessageBreak...
l.43     \lst@RestoreCatcodes\"
                               \^^I\^^M\~\^^@\relax
? 
! Undefined control sequence.
\GenericError  ...                                
                                                     \endgroup 
l.43     \lst@RestoreCatcodes\"
                               \^^I\^^M\~\^^@\relax
? 
! Undefined control sequence.
\GenericError  ...                                
                                                    #4  \errhelp \@err@     ...
l.43     \lst@RestoreCatcodes\"
                               \^^I\^^M\~\^^@\relax
? 
! Undefined control sequence.
\GenericError  ...                                
                                                  \let \@err@               ...
l.43     \lst@RestoreCatcodes\"
                               \^^I\^^M\~\^^@\relax
? 
! Undefined control sequence.
\GenericError  ...                                
                                                  \@empty \def \MessageBreak...
l.43     \lst@RestoreCatcodes\"
                               \^^I\^^M\~\^^@\relax
? 
! Undefined control sequence.
\GenericError  ...                                
                                                     \endgroup 
l.43     \lst@RestoreCatcodes\"
                               \^^I\^^M\~\^^@\relax
? 
! Undefined control sequence.
\GenericError  ...                                
                                                    #4  \errhelp \@err@     ...
l.43     \lst@RestoreCatcodes\"
                               \^^I\^^M\~\^^@\relax
? 
! Undefined control sequence.
\GenericError  ...                                
                                                  \let \@err@               ...
l.43     \lst@RestoreCatcodes\"
                               \^^I\^^M\~\^^@\relax
? 
! Undefined control sequence.
\GenericError  ...                                
                                                  \@empty \def \MessageBreak...
l.43     \lst@RestoreCatcodes\"
                               \^^I\^^M\~\^^@\relax
? 
! Undefined control sequence.
\GenericError  ...                                
                                                     \endgroup 
l.43     \lst@RestoreCatcodes\"
                               \^^I\^^M\~\^^@\relax
? 
! Undefined control sequence.
\GenericError  ...                                
                                                    #4  \errhelp \@err@     ...
l.43     \lst@RestoreCatcodes\"
                               \^^I\^^M\~\^^@\relax
? 
! Undefined control sequence.
\GenericError  ...                                
                                                  \let \@err@               ...
l.43     \lst@RestoreCatcodes\"
                               \^^I\^^M\~\^^@\relax
? 
! Undefined control sequence.
\GenericError  ...                                
                                                  \@empty \def \MessageBreak...
l.43     \lst@RestoreCatcodes\"
                               \^^I\^^M\~\^^@\relax
? 
! Undefined control sequence.
\GenericError  ...                                
                                                     \endgroup 
l.43     \lst@RestoreCatcodes\"
                               \^^I\^^M\~\^^@\relax
? 
! Undefined control sequence.
\GenericError  ...                                
                                                    #4  \errhelp \@err@     ...
l.43     \lst@RestoreCatcodes\"
                               \^^I\^^M\~\^^@\relax
? 
! Undefined control sequence.
\GenericError  ...                                
                                                  \let \@err@               ...
l.43     \lst@RestoreCatcodes\"
                               \^^I\^^M\~\^^@\relax
? 
! Undefined control sequence.
\GenericError  ...                                
                                                  \@empty \def \MessageBreak...
l.43     \lst@RestoreCatcodes\"
                               \^^I\^^M\~\^^@\relax
? 
! Undefined control sequence.
\GenericError  ...                                
                                                     \endgroup 
l.43     \lst@RestoreCatcodes\"
                               \^^I\^^M\~\^^@\relax
? 
! Undefined control sequence.
\GenericError  ...                                
                                                    #4  \errhelp \@err@     ...
l.43     \lst@RestoreCatcodes\"
                               \^^I\^^M\~\^^@\relax
? 
! Undefined control sequence.
\GenericError  ...                                
                                                  \let \@err@               ...
l.43     \lst@RestoreCatcodes\"
                               \^^I\^^M\~\^^@\relax
? 
! Undefined control sequence.
\GenericError  ...                                
                                                  \@empty \def \MessageBreak...
l.43     \lst@RestoreCatcodes\"
                               \^^I\^^M\~\^^@\relax
? 
! Undefined control sequence.
\GenericError  ...                                
                                                     \endgroup 
l.43     \lst@RestoreCatcodes\"
                               \^^I\^^M\~\^^@\relax
? 
! Undefined control sequence.
\GenericError  ...                                
                                                    #4  \errhelp \@err@     ...
l.43     \lst@RestoreCatcodes\"
                               \^^I\^^M\~\^^@\relax
? 
! Undefined control sequence.
\GenericError  ...                                
                                                  \let \@err@               ...
l.43     \lst@RestoreCatcodes\"
                               \^^I\^^M\~\^^@\relax
? 
! Undefined control sequence.
\GenericError  ...                                
                                                  \@empty \def \MessageBreak...
l.43     \lst@RestoreCatcodes\"
                               \^^I\^^M\~\^^@\relax
? 
! Undefined control sequence.
\GenericError  ...                                
                                                     \endgroup 
l.43     \lst@RestoreCatcodes\"
                               \^^I\^^M\~\^^@\relax
? 
! Undefined control sequence.
\GenericError  ...                                
                                                    #4  \errhelp \@err@     ...
l.43     \lst@RestoreCatcodes\"
                               \^^I\^^M\~\^^@\relax
? 
! Undefined control sequence.
\GenericError  ...                                
                                                  \let \@err@               ...
l.43     \lst@RestoreCatcodes\"
                               \^^I\^^M\~\^^@\relax
? 
! Undefined control sequence.
\GenericError  ...                                
                                                  \@empty \def \MessageBreak...
l.43     \lst@RestoreCatcodes\"
                               \^^I\^^M\~\^^@\relax
? 
! Undefined control sequence.
\GenericError  ...                                
                                                     \endgroup 
l.43     \lst@RestoreCatcodes\"
                               \^^I\^^M\~\^^@\relax
? 
! Undefined control sequence.
\GenericError  ...                                
                                                    #4  \errhelp \@err@     ...
l.43     \lst@RestoreCatcodes\"
                               \^^I\^^M\~\^^@\relax
? 
! Undefined control sequence.
\GenericError  ...                                
                                                  \let \@err@               ...
l.43     \lst@RestoreCatcodes\"
                               \^^I\^^M\~\^^@\relax
? 
! Undefined control sequence.
\GenericError  ...                                
                                                  \@empty \def \MessageBreak...
l.43     \lst@RestoreCatcodes\"
                               \^^I\^^M\~\^^@\relax
? 
! Undefined control sequence.
\GenericError  ...                                
                                                     \endgroup 
l.43     \lst@RestoreCatcodes\"
                               \^^I\^^M\~\^^@\relax
? 
! Undefined control sequence.
\GenericError  ...                                
                                                    #4  \errhelp \@err@     ...
l.43     \lst@RestoreCatcodes\"
                               \^^I\^^M\~\^^@\relax
? 
! Undefined control sequence.
\GenericError  ...                                
                                                  \let \@err@               ...
l.43     \lst@RestoreCatcodes\"
                               \^^I\^^M\~\^^@\relax
? 
! Undefined control sequence.
\GenericError  ...                                
                                                  \@empty \def \MessageBreak...
l.43     \lst@RestoreCatcodes\"
                               \^^I\^^M\~\^^@\relax
? 
! Undefined control sequence.
\GenericError  ...                                
                                                     \endgroup 
l.43     \lst@RestoreCatcodes\"
                               \^^I\^^M\~\^^@\relax
? 
! Undefined control sequence.
\GenericError  ...                                
                                                    #4  \errhelp \@err@     ...
l.43     \lst@RestoreCatcodes\"
                               \^^I\^^M\~\^^@\relax
? 
! Undefined control sequence.
\GenericError  ...                                
                                                  \let \@err@               ...
l.43     \lst@RestoreCatcodes\"
                               \^^I\^^M\~\^^@\relax
? 
! Undefined control sequence.
\GenericError  ...                                
                                                  \@empty \def \MessageBreak...
l.43     \lst@RestoreCatcodes\"
                               \^^I\^^M\~\^^@\relax
? 
! Undefined control sequence.
\GenericError  ...                                
                                                     \endgroup 
l.43     \lst@RestoreCatcodes\"
                               \^^I\^^M\~\^^@\relax
? 
! Undefined control sequence.
\GenericError  ...                                
                                                    #4  \errhelp \@err@     ...
l.43     \lst@RestoreCatcodes\"
                               \^^I\^^M\~\^^@\relax
? 
! Undefined control sequence.
\GenericError  ...                                
                                                  \let \@err@               ...
l.43     \lst@RestoreCatcodes\"
                               \^^I\^^M\~\^^@\relax
? 
! Undefined control sequence.
\GenericError  ...                                
                                                  \@empty \def \MessageBreak...
l.43     \lst@RestoreCatcodes\"
                               \^^I\^^M\~\^^@\relax
? 
! Undefined control sequence.
\GenericError  ...                                
                                                     \endgroup 
l.43     \lst@RestoreCatcodes\"
                               \^^I\^^M\~\^^@\relax
? 
! Undefined control sequence.
\GenericError  ...                                
                                                    #4  \errhelp \@err@     ...
l.43     \lst@RestoreCatcodes\"
                               \^^I\^^M\~\^^@\relax
? 
! Undefined control sequence.
\GenericError  ...                                
                                                  \let \@err@               ...
l.43     \lst@RestoreCatcodes\"
                               \^^I\^^M\~\^^@\relax
? 
! Undefined control sequence.
\GenericError  ...                                
                                                  \@empty \def \MessageBreak...
l.43     \lst@RestoreCatcodes\"
                               \^^I\^^M\~\^^@\relax
? 
! Undefined control sequence.
\GenericError  ...                                
                                                     \endgroup 
l.43     \lst@RestoreCatcodes\"
                               \^^I\^^M\~\^^@\relax
? 
! Undefined control sequence.
\GenericError  ...                                
                                                    #4  \errhelp \@err@     ...
l.43     \lst@RestoreCatcodes\"
                               \^^I\^^M\~\^^@\relax
? 
! Undefined control sequence.
\GenericError  ...                                
                                                  \let \@err@               ...
l.43     \lst@RestoreCatcodes\"
                               \^^I\^^M\~\^^@\relax
? 
! Undefined control sequence.
\GenericError  ...                                
                                                  \@empty \def \MessageBreak...
l.43     \lst@RestoreCatcodes\"
                               \^^I\^^M\~\^^@\relax
? 
! Undefined control sequence.
\GenericError  ...                                
                                                     \endgroup 
l.43     \lst@RestoreCatcodes\"
                               \^^I\^^M\~\^^@\relax
? 
! Undefined control sequence.
\GenericError  ...                                
                                                    #4  \errhelp \@err@     ...
l.43     \lst@RestoreCatcodes\"
                               \^^I\^^M\~\^^@\relax
? 
! Undefined control sequence.
\GenericError  ...                                
                                                  \let \@err@               ...
l.43     \lst@RestoreCatcodes\"
                               \^^I\^^M\~\^^@\relax
? 
! Undefined control sequence.
\GenericError  ...                                
                                                  \@empty \def \MessageBreak...
l.43     \lst@RestoreCatcodes\"
                               \^^I\^^M\~\^^@\relax
? 
! Undefined control sequence.
\GenericError  ...                                
                                                     \endgroup 
l.43     \lst@RestoreCatcodes\"
                               \^^I\^^M\~\^^@\relax
? 
! Undefined control sequence.
\GenericError  ...                                
                                                    #4  \errhelp \@err@     ...
l.43     \lst@RestoreCatcodes\"
                               \^^I\^^M\~\^^@\relax
? 
! Undefined control sequence.
\GenericError  ...                                
                                                  \let \@err@               ...
l.43     \lst@RestoreCatcodes\"
                               \^^I\^^M\~\^^@\relax
? 
! Undefined control sequence.
\GenericError  ...                                
                                                  \@empty \def \MessageBreak...
l.43     \lst@RestoreCatcodes\"
                               \^^I\^^M\~\^^@\relax
? 
! Undefined control sequence.
\GenericError  ...                                
                                                     \endgroup 
l.43     \lst@RestoreCatcodes\"
                               \^^I\^^M\~\^^@\relax
? 
! Undefined control sequence.
\GenericError  ...                                
                                                    #4  \errhelp \@err@     ...
l.43     \lst@RestoreCatcodes\"
                               \^^I\^^M\~\^^@\relax
? 
! Undefined control sequence.
\GenericError  ...                                
                                                  \let \@err@               ...
l.43     \lst@RestoreCatcodes\"
                               \^^I\^^M\~\^^@\relax
? 
! Undefined control sequence.
\GenericError  ...                                
                                                  \@empty \def \MessageBreak...
l.43     \lst@RestoreCatcodes\"
                               \^^I\^^M\~\^^@\relax
? 
! Undefined control sequence.
\GenericError  ...                                
                                                     \endgroup 
l.43     \lst@RestoreCatcodes\"
                               \^^I\^^M\~\^^@\relax
? 
! Undefined control sequence.
\GenericError  ...                                
                                                    #4  \errhelp \@err@     ...
l.43     \lst@RestoreCatcodes\"
                               \^^I\^^M\~\^^@\relax
? 
! Undefined control sequence.
\GenericError  ...                                
                                                  \let \@err@               ...
l.43     \lst@RestoreCatcodes\"
                               \^^I\^^M\~\^^@\relax
? 
! Undefined control sequence.
\GenericError  ...                                
                                                  \@empty \def \MessageBreak...
l.43     \lst@RestoreCatcodes\"
                               \^^I\^^M\~\^^@\relax
? 
! Undefined control sequence.
\GenericError  ...                                
                                                     \endgroup 
l.43     \lst@RestoreCatcodes\"
                               \^^I\^^M\~\^^@\relax
? 
! Undefined control sequence.
\GenericError  ...                                
                                                    #4  \errhelp \@err@     ...
l.43     \lst@RestoreCatcodes\"
                               \^^I\^^M\~\^^@\relax
? 
! Undefined control sequence.
\GenericError  ...                                
                                                  \let \@err@               ...
l.43     \lst@RestoreCatcodes\"
                               \^^I\^^M\~\^^@\relax
? 
! Undefined control sequence.
\GenericError  ...                                
                                                  \@empty \def \MessageBreak...
l.43     \lst@RestoreCatcodes\"
                               \^^I\^^M\~\^^@\relax
? 
! Undefined control sequence.
\GenericError  ...                                
                                                     \endgroup 
l.43     \lst@RestoreCatcodes\"
                               \^^I\^^M\~\^^@\relax
? 
! Undefined control sequence.
\GenericError  ...                                
                                                    #4  \errhelp \@err@     ...
l.43     \lst@RestoreCatcodes\"
                               \^^I\^^M\~\^^@\relax
? 
! Undefined control sequence.
\GenericError  ...                                
                                                  \let \@err@               ...
l.43     \lst@RestoreCatcodes\"
                               \^^I\^^M\~\^^@\relax
? 
! Undefined control sequence.
\GenericError  ...                                
                                                  \@empty \def \MessageBreak...
l.43     \lst@RestoreCatcodes\"
                               \^^I\^^M\~\^^@\relax
? 
! Undefined control sequence.
\GenericError  ...                                
                                                     \endgroup 
l.43     \lst@RestoreCatcodes\"
                               \^^I\^^M\~\^^@\relax
? 
! Undefined control sequence.
\GenericError  ...                                
                                                    #4  \errhelp \@err@     ...
l.43     \lst@RestoreCatcodes\"
                               \^^I\^^M\~\^^@\relax
? 
! Undefined control sequence.
\GenericError  ...                                
                                                  \let \@err@               ...
l.43     \lst@RestoreCatcodes\"
                               \^^I\^^M\~\^^@\relax
? 
! Undefined control sequence.
\GenericError  ...                                
                                                  \@empty \def \MessageBreak...
l.43     \lst@RestoreCatcodes\"
                               \^^I\^^M\~\^^@\relax
? 
! Undefined control sequence.
\GenericError  ...                                
                                                     \endgroup 
l.43     \lst@RestoreCatcodes\"
                               \^^I\^^M\~\^^@\relax
? 
! Undefined control sequence.
\GenericError  ...                                
                                                    #4  \errhelp \@err@     ...
l.43     \lst@RestoreCatcodes\"
                               \^^I\^^M\~\^^@\relax
? 
! Undefined control sequence.
\GenericError  ...                                
                                                  \let \@err@               ...
l.43     \lst@RestoreCatcodes\"
                               \^^I\^^M\~\^^@\relax
? 
! Undefined control sequence.
\GenericError  ...                                
                                                  \@empty \def \MessageBreak...
l.43     \lst@RestoreCatcodes\"
                               \^^I\^^M\~\^^@\relax
? 
! Undefined control sequence.
\GenericError  ...                                
                                                     \endgroup 
l.43     \lst@RestoreCatcodes\"
                               \^^I\^^M\~\^^@\relax
? 
! Undefined control sequence.
\GenericError  ...                                
                                                    #4  \errhelp \@err@     ...
l.43     \lst@RestoreCatcodes\"
                               \^^I\^^M\~\^^@\relax
? 
! Undefined control sequence.
\GenericError  ...                                
                                                  \let \@err@               ...
l.43     \lst@RestoreCatcodes\"
                               \^^I\^^M\~\^^@\relax
? 
! Undefined control sequence.
\GenericError  ...                                
                                                  \@empty \def \MessageBreak...
l.43     \lst@RestoreCatcodes\"
                               \^^I\^^M\~\^^@\relax
? 
! Undefined control sequence.
\GenericError  ...                                
                                                     \endgroup 
l.43     \lst@RestoreCatcodes\"
                               \^^I\^^M\~\^^@\relax
? 
! Undefined control sequence.
\GenericError  ...                                
                                                    #4  \errhelp \@err@     ...
l.43     \lst@RestoreCatcodes\"
                               \^^I\^^M\~\^^@\relax
? 
! Undefined control sequence.
\GenericError  ...                                
                                                  \let \@err@               ...
l.43     \lst@RestoreCatcodes\"
                               \^^I\^^M\~\^^@\relax
? 
! Undefined control sequence.
\GenericError  ...                                
                                                  \@empty \def \MessageBreak...
l.43     \lst@RestoreCatcodes\"
                               \^^I\^^M\~\^^@\relax
? 
! Undefined control sequence.
\GenericError  ...                                
                                                     \endgroup 
l.43     \lst@RestoreCatcodes\"
                               \^^I\^^M\~\^^@\relax
? 
! Undefined control sequence.
\GenericError  ...                                
                                                    #4  \errhelp \@err@     ...
l.43     \lst@RestoreCatcodes\"
                               \^^I\^^M\~\^^@\relax
? 
! Undefined control sequence.
\GenericError  ...                                
                                                  \let \@err@               ...
l.43     \lst@RestoreCatcodes\"
                               \^^I\^^M\~\^^@\relax
? 
! Undefined control sequence.
\GenericError  ...                                
                                                  \@empty \def \MessageBreak...
l.43     \lst@RestoreCatcodes\"
                               \^^I\^^M\~\^^@\relax
? x
 
Here is how much of TeX's memory you used:
 6415 strings out of 493013
 98093 string characters out of 6136993
 200041 words of memory out of 5000000
 9951 multiletter control sequences out of 15000+600000
 3640 words of font info for 14 fonts, out of 8000000 for 9000
 1141 hyphenation exceptions out of 8191
 55i,0n,46p,258b,384s stack positions out of 5000i,500n,10000p,200000b,80000s
No pages of output.
PDF statistics:
 0 PDF objects out of 1000 (max. 8388607)
 0 named destinations out of 1000 (max. 500000)
 1 words of extra memory for PDF output out of 10000 (max. 10000000)

