\BOOKMARK [0][-]{titulo.0}{P\341gina de T\355tulo}{}% 1
\BOOKMARK [0][-]{dedicatoria.0}{Dedicatoria}{}% 2
\BOOKMARK [0][-]{chapter*.1}{Agradecimientos}{}% 3
\BOOKMARK [0][-]{chapter*.2}{Resumen}{}% 4
\BOOKMARK [0][-]{chapter*.3}{Palabras clave}{}% 5
\BOOKMARK [0][-]{chapter*.4}{Siglas}{}% 6
\BOOKMARK [0][-]{chapter*.5}{Abstract}{}% 7
\BOOKMARK [0][-]{chapter*.6}{Keywords}{}% 8
\BOOKMARK [0][-]{indices.0}{\315ndices}{}% 9
\BOOKMARK [1][-]{tabla de contenidos.1}{Tabla de contenidos}{indices.0}% 10
\BOOKMARK [1][-]{indice de figuras.1}{\315ndice de figuras}{indices.0}% 11
\BOOKMARK [1][-]{indice de tablas.1}{\315ndice de tablas}{indices.0}% 12
\BOOKMARK [0][-]{chapter.1}{Introducci\363n}{}% 13
\BOOKMARK [1][-]{section.1.1}{Motivaci\363n}{chapter.1}% 14
\BOOKMARK [1][-]{section.1.2}{Objetivos}{chapter.1}% 15
\BOOKMARK [1][-]{section.1.3}{Estructura}{chapter.1}% 16
\BOOKMARK [1][-]{section.1.4}{Motivation}{chapter.1}% 17
\BOOKMARK [1][-]{section.1.5}{Goals}{chapter.1}% 18
\BOOKMARK [1][-]{section.1.6}{Structure}{chapter.1}% 19
\BOOKMARK [0][-]{chapter.2}{Trabajo relacionado}{}% 20
\BOOKMARK [1][-]{section.2.1}{Generaci\363n Procedural}{chapter.2}% 21
\BOOKMARK [1][-]{section.2.2}{T\351cnicas Evolutivas}{chapter.2}% 22
\BOOKMARK [1][-]{section.2.3}{Inteligencia Artificial}{chapter.2}% 23
\BOOKMARK [1][-]{section.2.4}{Nuestra aportaci\363n}{chapter.2}% 24
\BOOKMARK [0][-]{chapter.3}{Arquitectura del Cluster}{}% 25
\BOOKMARK [1][-]{section.3.1}{Componentes}{chapter.3}% 26
\BOOKMARK [2][-]{subsection.3.1.1}{Antecedentes biol\363gicos}{section.3.1}% 27
\BOOKMARK [2][-]{subsection.3.1.2}{Dise\361o de prototipos}{section.3.1}% 28
\BOOKMARK [2][-]{subsection.3.1.3}{Prototipo A}{section.3.1}% 29
\BOOKMARK [2][-]{subsection.3.1.4}{Prototipo B}{section.3.1}% 30
\BOOKMARK [2][-]{subsection.3.1.5}{Prototipo C}{section.3.1}% 31
\BOOKMARK [2][-]{subsection.3.1.6}{Evaluacion de prototipos}{section.3.1}% 32
\BOOKMARK [2][-]{subsection.3.1.7}{Funci\363n de Fitness}{section.3.1}% 33
\BOOKMARK [2][-]{subsection.3.1.8}{Mejoras en el algoritmo evolutivo}{section.3.1}% 34
\BOOKMARK [1][-]{section.3.2}{Programaci\363n gen\351tica}{chapter.3}% 35
\BOOKMARK [2][-]{subsection.3.2.1}{Representaci\363n}{section.3.2}% 36
\BOOKMARK [2][-]{subsection.3.2.2}{M\351todos de inicializaci\363n}{section.3.2}% 37
\BOOKMARK [2][-]{subsection.3.2.3}{Operadores}{section.3.2}% 38
\BOOKMARK [2][-]{subsection.3.2.4}{Mejoras en el algoritmo evolutivo}{section.3.2}% 39
\BOOKMARK [2][-]{subsection.3.2.5}{Ejemplos}{section.3.2}% 40
\BOOKMARK [0][-]{chapter.4}{T\351cnicas para la generaci\363n de mazmorras}{}% 41
\BOOKMARK [1][-]{section.4.1}{Idea inicial}{chapter.4}% 42
\BOOKMARK [1][-]{section.4.2}{Generaci\363n de mazmorras mediante algoritmos gen\351ticos}{chapter.4}% 43
\BOOKMARK [2][-]{subsection.4.2.1}{Introducci\363n}{section.4.2}% 44
\BOOKMARK [2][-]{subsection.4.2.2}{Decisiones de implementaci\363n}{section.4.2}% 45
\BOOKMARK [2][-]{subsection.4.2.3}{Evaluaci\363n de las mazmorras: Visi\363n general}{section.4.2}% 46
\BOOKMARK [2][-]{subsection.4.2.4}{Evaluaci\363n de las mazmorras: Detalle}{section.4.2}% 47
\BOOKMARK [2][-]{subsection.4.2.5}{Operadores del Algoritmo Gen\351tico}{section.4.2}% 48
\BOOKMARK [2][-]{subsection.4.2.6}{La implementaci\363n en detalle}{section.4.2}% 49
\BOOKMARK [2][-]{subsection.4.2.7}{Individuos obtenidos}{section.4.2}% 50
\BOOKMARK [1][-]{section.4.3}{Interfaz de usuario}{chapter.4}% 51
\BOOKMARK [0][-]{chapter.5}{T\351cnicas para la generaci\363n de la inteligencia artificial}{}% 52
\BOOKMARK [1][-]{section.5.1}{Idea inicial}{chapter.5}% 53
\BOOKMARK [1][-]{section.5.2}{Decisiones de implementaci\363n}{chapter.5}% 54
\BOOKMARK [1][-]{section.5.3}{Funci\363n de evaluaci\363n}{chapter.5}% 55
\BOOKMARK [2][-]{subsection.5.3.1}{Introducci\363n}{section.5.3}% 56
\BOOKMARK [2][-]{subsection.5.3.2}{Primera aproximaci\363n}{section.5.3}% 57
\BOOKMARK [2][-]{subsection.5.3.3}{Segunda aproximaci\363n}{section.5.3}% 58
\BOOKMARK [2][-]{subsection.5.3.4}{Tercera aproximaci\363n}{section.5.3}% 59
\BOOKMARK [2][-]{subsection.5.3.5}{Aproximaci\363n final}{section.5.3}% 60
\BOOKMARK [1][-]{section.5.4}{Operadores}{chapter.5}% 61
\BOOKMARK [2][-]{subsection.5.4.1}{Inicializador de la poblaci\363n}{section.5.4}% 62
\BOOKMARK [2][-]{subsection.5.4.2}{M\351todos de selecci\363n}{section.5.4}% 63
\BOOKMARK [2][-]{subsection.5.4.3}{Operador de cruce}{section.5.4}% 64
\BOOKMARK [2][-]{subsection.5.4.4}{Operadores de mutaci\363n}{section.5.4}% 65
\BOOKMARK [2][-]{subsection.5.4.5}{Eliminaci\363n de intrones}{section.5.4}% 66
\BOOKMARK [1][-]{section.5.5}{Paralelizaci\363n del fitness}{chapter.5}% 67
\BOOKMARK [1][-]{section.5.6}{Interfaz de usuario}{chapter.5}% 68
\BOOKMARK [1][-]{section.5.7}{Resultados}{chapter.5}% 69
\BOOKMARK [0][-]{chapter.6}{Framework de pruebas}{}% 70
\BOOKMARK [0][-]{chapter.7}{Videojuego}{}% 71
\BOOKMARK [1][-]{section.7.1}{Im\341genes del videojuego}{chapter.7}% 72
\BOOKMARK [0][-]{chapter.8}{Trabajo individual}{}% 73
\BOOKMARK [0][-]{chapter.9}{Conclusiones y trabajo futuro}{}% 74
\BOOKMARK [1][-]{section.9.1}{Conclusiones en la generaci\363n de mazmorras}{chapter.9}% 75
\BOOKMARK [1][-]{section.9.2}{Conclusiones en la generaci\363n de inteligencias artificiales}{chapter.9}% 76
\BOOKMARK [1][-]{section.9.3}{Conclusiones generales}{chapter.9}% 77
\BOOKMARK [1][-]{section.9.4}{Trabajo futuro}{chapter.9}% 78
\BOOKMARK [1][-]{section.9.5}{Conclusions in dungeon generation:}{chapter.9}% 79
\BOOKMARK [1][-]{section.9.6}{Conclusions in artificial intelligence generation:}{chapter.9}% 80
\BOOKMARK [1][-]{section.9.7}{General conclusions:}{chapter.9}% 81
\BOOKMARK [1][-]{section.9.8}{Future work:}{chapter.9}% 82
\BOOKMARK [0][-]{appendix*.64}{Bibliograf\355a}{}% 83
