\BOOKMARK [0][-]{titulo.0}{P\341gina de T\355tulo}{}% 1
\BOOKMARK [0][-]{dedicatoria.0}{Dedicatoria}{}% 2
\BOOKMARK [0][-]{chapter*.1}{Agradecimientos}{}% 3
\BOOKMARK [0][-]{chapter*.2}{Resumen}{}% 4
\BOOKMARK [0][-]{chapter*.3}{Palabras clave}{}% 5
\BOOKMARK [0][-]{chapter*.4}{Siglas}{}% 6
\BOOKMARK [0][-]{chapter*.5}{Abstract}{}% 7
\BOOKMARK [0][-]{chapter*.6}{Keywords}{}% 8
\BOOKMARK [0][-]{indices.0}{\315ndices}{}% 9
\BOOKMARK [1][-]{tabla de contenidos.1}{Tabla de contenidos}{indices.0}% 10
\BOOKMARK [1][-]{indice de figuras.1}{\315ndice de figuras}{indices.0}% 11
\BOOKMARK [1][-]{indice de tablas.1}{\315ndice de tablas}{indices.0}% 12
\BOOKMARK [0][-]{chapter.1}{Introducci\363n}{}% 13
\BOOKMARK [1][-]{section.1.1}{Motivaci\363n}{chapter.1}% 14
\BOOKMARK [1][-]{section.1.2}{Objetivos}{chapter.1}% 15
\BOOKMARK [1][-]{section.1.3}{Estructura}{chapter.1}% 16
\BOOKMARK [1][-]{section.1.4}{Motivation}{chapter.1}% 17
\BOOKMARK [1][-]{section.1.5}{Goals}{chapter.1}% 18
\BOOKMARK [1][-]{section.1.6}{Structure}{chapter.1}% 19
\BOOKMARK [0][-]{chapter.2}{Trabajo relacionado}{}% 20
\BOOKMARK [1][-]{section.2.1}{Nuestra aportaci\363n}{chapter.2}% 21
\BOOKMARK [0][-]{chapter.3}{Arquitectura del Cluster}{}% 22
\BOOKMARK [1][-]{section.3.1}{Componentes}{chapter.3}% 23
\BOOKMARK [1][-]{section.3.2}{Dise\361o del prototipo A}{chapter.3}% 24
\BOOKMARK [2][-]{subsection.3.2.1}{Modelado 3D}{section.3.2}% 25
\BOOKMARK [2][-]{subsection.3.2.2}{Resultados \(fotos\)}{section.3.2}% 26
\BOOKMARK [1][-]{section.3.3}{Dise\361o del prototipo B}{chapter.3}% 27
\BOOKMARK [2][-]{subsection.3.3.1}{Modelado 3D}{section.3.3}% 28
\BOOKMARK [2][-]{subsection.3.3.2}{Resultados \(fotos\)}{section.3.3}% 29
\BOOKMARK [1][-]{section.3.4}{Dise\361o del prototipo C}{chapter.3}% 30
\BOOKMARK [2][-]{subsection.3.4.1}{Modelado 3D}{section.3.4}% 31
\BOOKMARK [2][-]{subsection.3.4.2}{Resultados \(fotos\)}{section.3.4}% 32
\BOOKMARK [1][-]{section.3.5}{Evaluaci\363n de prototipos A,B,C}{chapter.3}% 33
\BOOKMARK [2][-]{subsection.3.5.1}{Rendimiento prototipos A.B,C}{section.3.5}% 34
\BOOKMARK [2][-]{subsection.3.5.2}{Temperatura prototipos A,B,C}{section.3.5}% 35
\BOOKMARK [1][-]{section.3.6}{Problemas}{chapter.3}% 36
\BOOKMARK [2][-]{subsection.3.6.1}{Falta de energ\355a}{section.3.6}% 37
\BOOKMARK [0][-]{chapter.4}{Configuraci\363n del cluster}{}% 38
\BOOKMARK [1][-]{section.4.1}{Virtualizaci\363n del Sistema}{chapter.4}% 39
\BOOKMARK [2][-]{subsection.4.1.1}{Raspbian y sus vicisitudes}{section.4.1}% 40
\BOOKMARK [1][-]{section.4.2}{Montaje de servidores}{chapter.4}% 41
\BOOKMARK [2][-]{subsection.4.2.1}{DHCP}{section.4.2}% 42
\BOOKMARK [2][-]{subsection.4.2.2}{NFS}{section.4.2}% 43
\BOOKMARK [2][-]{subsection.4.2.3}{SSH}{section.4.2}% 44
\BOOKMARK [1][-]{section.4.3}{Instalaci\363n de SIMCAN}{chapter.4}% 45
\BOOKMARK [2][-]{subsection.4.3.1}{Gu\355a paso a paso de instalaci\363n en arquitectura ARM}{section.4.3}% 46
\BOOKMARK [1][-]{section.4.4}{Optimizaci\363n y rendimiento}{chapter.4}% 47
\BOOKMARK [2][-]{subsection.4.4.1}{Modificaci\363n del GRUB}{section.4.4}% 48
\BOOKMARK [2][-]{subsection.4.4.2}{Paralelizaci\363n del arranque en servidor}{section.4.4}% 49
\BOOKMARK [1][-]{section.4.5}{Seguridad}{chapter.4}% 50
\BOOKMARK [2][-]{subsection.4.5.1}{Eliminaci\363n de usuarios y permisos}{section.4.5}% 51
\BOOKMARK [1][-]{section.4.6}{Inicializaci\363n del sistema mediante scripts}{chapter.4}% 52
\BOOKMARK [0][-]{chapter.5}{Desarrollo del software}{}% 53
\BOOKMARK [0][-]{chapter.6}{Pruebas}{}% 54
\BOOKMARK [1][-]{section.6.1}{Comparaci\363n con otros procesadores de mayor potencia}{chapter.6}% 55
\BOOKMARK [1][-]{section.6.2}{Estudio a partir de qu\351 nivel de uso del cluster merece la pena ante un procesador normal}{chapter.6}% 56
\BOOKMARK [1][-]{section.6.3}{Pruebas contra el cluster de Amazon\(???\)}{chapter.6}% 57
\BOOKMARK [0][-]{chapter.7}{Trabajo individual}{}% 58
\BOOKMARK [1][-]{section.7.1}{Miguel Romero Mart\355nez:}{chapter.7}% 59
\BOOKMARK [1][-]{section.7.2}{Daniel Qui\361ones S\341nchez:}{chapter.7}% 60
\BOOKMARK [0][-]{chapter.8}{Conclusiones y trabajo futuro}{}% 61
\BOOKMARK [1][-]{section.8.1}{Conclusiones generales}{chapter.8}% 62
\BOOKMARK [1][-]{section.8.2}{Trabajo futuro}{chapter.8}% 63
\BOOKMARK [1][-]{section.8.3}{General conclusions:}{chapter.8}% 64
\BOOKMARK [1][-]{section.8.4}{Future work:}{chapter.8}% 65
\BOOKMARK [0][-]{appendix*.13}{Bibliograf\355a}{}% 66
