This is pdfTeX, Version 3.14159265-2.6-1.40.18 (MiKTeX 2.9.6500 64-bit) (preloaded format=pdflatex 2017.11.28)  28 NOV 2017 20:04
entering extended mode
**./Tesis.tex
(Tesis.tex
LaTeX2e <2017-04-15>
Babel <3.15> and hyphenation patterns for 75 language(s) loaded.

! LaTeX Error: File `res.cls' not found.

Type X to quit or <RETURN> to proceed,
or enter new name. (Default extension: cls)

Enter file name: x

 )
(\end occurred when \ifx on line 31 was incomplete)
(\end occurred when \ifx on line 31 was incomplete) 
Here is how much of TeX's memory you used:
 12 strings out of 493312
 148 string characters out of 3138883
 53761 words of memory out of 3000000
 3658 multiletter control sequences out of 15000+200000
 3640 words of font info for 14 fonts, out of 3000000 for 9000
 1141 hyphenation exceptions out of 8191
 10i,0n,7p,87b,8s stack positions out of 5000i,500n,10000p,200000b,50000s

No pages of output.
PDF statistics:
 0 PDF objects out of 1000 (max. 8388607)
 0 named destinations out of 1000 (max. 500000)
 1 words of extra memory for PDF output out of 10000 (max. 10000000)

